<?xml version="1.0" encoding="utf-8"?><testsuites name="pytest tests"><testsuite name="pytest" errors="0" failures="0" skipped="0" tests="174" time="1.176" timestamp="2025-12-03T01:52:22.202982+01:00" hostname="M2P-Mac168-537.local"><testcase classname="tests.test_cli.TestCLIBasic" name="test_cli_help" time="0.099" /><testcase classname="tests.test_cli.TestCLIBasic" name="test_cli_version" time="0.000" /><testcase classname="tests.test_cli.TestConfigCommand" name="test_config_command" time="0.001" /><testcase classname="tests.test_cli.TestBalanceCommand" name="test_balance_command" time="0.001" /><testcase classname="tests.test_cli.TestHistoryCommand" name="test_history_command" time="0.007" /><testcase classname="tests.test_cli.TestHistoryCommand" name="test_history_with_limit" time="0.003" /><testcase classname="tests.test_cli.TestOrdersCommand" name="test_orders_command" time="0.001" /><testcase classname="tests.test_cli.TestPositionsCommand" name="test_positions_command" time="0.000" /><testcase classname="tests.test_cli.TestStatsCommand" name="test_stats_command" time="0.387" /><testcase classname="tests.test_cli.TestStatsCommand" name="test_stats_json_output" time="0.023" /><testcase classname="tests.test_cli.TestMarketCommand" name="test_market_command" time="0.093" /><testcase classname="tests.test_cli.TestMarketCommand" name="test_market_invalid_url" time="0.000" /><testcase classname="tests.test_cli.TestExportCommand" name="test_export_help" time="0.001" /><testcase classname="tests.test_cli.TestExportCommand" name="test_export_trades" time="0.003" /><testcase classname="tests.test_cli.TestRunCommand" name="test_run_help" time="0.000" /><testcase classname="tests.test_cli.TestRunCommand" name="test_run_nonexistent_strategy" time="0.000" /><testcase classname="tests.test_client.TestPolymarketClient" name="test_client_initialization" time="0.001" /><testcase classname="tests.test_client.TestPolymarketClient" name="test_client_paper_mode" time="0.000" /><testcase classname="tests.test_client.TestPolymarketClient" name="test_get_market_by_slug" time="0.079" /><testcase classname="tests.test_client.TestPolymarketClient" name="test_get_markets" time="0.088" /><testcase classname="tests.test_client.TestPolymarketClient" name="test_client_rate_limiting" time="0.000" /><testcase classname="tests.test_client.TestClientErrorHandling" name="test_handles_404" time="0.076" /><testcase classname="tests.test_client.TestClientErrorHandling" name="test_handles_timeout" time="0.078" /><testcase classname="tests.test_config.TestConfig" name="test_config_singleton" time="0.002" /><testcase classname="tests.test_config.TestConfig" name="test_config_default_mode" time="0.001" /><testcase classname="tests.test_config.TestConfig" name="test_config_paper_mode" time="0.001" /><testcase classname="tests.test_config.TestConfig" name="test_config_live_mode" time="0.001" /><testcase classname="tests.test_config.TestConfig" name="test_config_set_method" time="0.001" /><testcase classname="tests.test_config.TestConfig" name="test_config_get_method" time="0.001" /><testcase classname="tests.test_config.TestConfig" name="test_config_get_nested" time="0.001" /><testcase classname="tests.test_config.TestConfig" name="test_get_config_function" time="0.000" /><testcase classname="tests.test_config.TestConfig" name="test_config_properties" time="0.001" /><testcase classname="tests.test_config.TestConfigEnvVars" name="test_env_var_substitution" time="0.000" /><testcase classname="tests.test_config.TestConfigEnvVars" name="test_env_var_with_default" time="0.000" /><testcase classname="tests.test_executor.TestOrderExecutor" name="test_executor_initialization" time="0.001" /><testcase classname="tests.test_executor.TestOrderExecutor" name="test_executor_paper_balance" time="0.001" /><testcase classname="tests.test_executor.TestOrderExecutor" name="test_place_order_paper" time="0.000" /><testcase classname="tests.test_executor.TestOrderExecutor" name="test_cancel_order_paper" time="0.000" /><testcase classname="tests.test_executor.TestOrderExecutor" name="test_get_positions" time="0.000" /><testcase classname="tests.test_executor.TestOrderExecutor" name="test_equity_calculation" time="0.000" /><testcase classname="tests.test_executor.TestPaperTradingSimulation" name="test_paper_order_fills" time="0.000" /><testcase classname="tests.test_executor.TestPaperTradingSimulation" name="test_paper_balance_updates" time="0.000" /><testcase classname="tests.test_executor.TestPaperTradingSimulation" name="test_paper_slippage" time="0.000" /><testcase classname="tests.test_executor.TestPositionTracking" name="test_position_created_on_buy" time="0.000" /><testcase classname="tests.test_executor.TestPositionTracking" name="test_position_closed_on_sell" time="0.000" /><testcase classname="tests.test_helpers.TestFormatAmount" name="test_format_basic" time="0.000" /><testcase classname="tests.test_helpers.TestFormatAmount" name="test_format_large_amount" time="0.000" /><testcase classname="tests.test_helpers.TestFormatAmount" name="test_format_small_amount" time="0.000" /><testcase classname="tests.test_helpers.TestFormatAmount" name="test_format_zero" time="0.000" /><testcase classname="tests.test_helpers.TestFormatAmount" name="test_format_negative" time="0.000" /><testcase classname="tests.test_helpers.TestFormatPercentage" name="test_format_basic" time="0.000" /><testcase classname="tests.test_helpers.TestFormatPercentage" name="test_format_whole_number" time="0.000" /><testcase classname="tests.test_helpers.TestFormatPercentage" name="test_format_small_percentage" time="0.000" /><testcase classname="tests.test_helpers.TestFormatPercentage" name="test_format_zero_percentage" time="0.000" /><testcase classname="tests.test_helpers.TestFormatPnL" name="test_format_positive_pnl" time="0.000" /><testcase classname="tests.test_helpers.TestFormatPnL" name="test_format_negative_pnl" time="0.000" /><testcase classname="tests.test_helpers.TestFormatPnL" name="test_format_zero_pnl" time="0.000" /><testcase classname="tests.test_indicators.TestSMA" name="test_sma_basic" time="0.001" /><testcase classname="tests.test_indicators.TestSMA" name="test_sma_values" time="0.000" /><testcase classname="tests.test_indicators.TestSMA" name="test_sma_empty_series" time="0.000" /><testcase classname="tests.test_indicators.TestEMA" name="test_ema_basic" time="0.000" /><testcase classname="tests.test_indicators.TestEMA" name="test_ema_responds_faster_than_sma" time="0.000" /><testcase classname="tests.test_indicators.TestRSI" name="test_rsi_basic" time="0.001" /><testcase classname="tests.test_indicators.TestRSI" name="test_rsi_bounds" time="0.001" /><testcase classname="tests.test_indicators.TestRSI" name="test_rsi_overbought" time="0.000" /><testcase classname="tests.test_indicators.TestRSI" name="test_rsi_oversold" time="0.000" /><testcase classname="tests.test_indicators.TestMACD" name="test_macd_basic" time="0.000" /><testcase classname="tests.test_indicators.TestMACD" name="test_macd_histogram_calculation" time="0.001" /><testcase classname="tests.test_indicators.TestBollingerBands" name="test_bollinger_basic" time="0.000" /><testcase classname="tests.test_indicators.TestBollingerBands" name="test_bollinger_band_order" time="0.000" /><testcase classname="tests.test_indicators.TestBollingerBands" name="test_bollinger_middle_is_sma" time="0.000" /><testcase classname="tests.test_indicators.TestATR" name="test_atr_basic" time="0.001" /><testcase classname="tests.test_indicators.TestATR" name="test_atr_positive" time="0.001" /><testcase classname="tests.test_indicators.TestROC" name="test_roc_basic" time="0.000" /><testcase classname="tests.test_indicators.TestROC" name="test_roc_values" time="0.000" /><testcase classname="tests.test_indicators.TestOBV" name="test_obv_basic" time="0.000" /><testcase classname="tests.test_indicators.TestOBV" name="test_obv_direction" time="0.000" /><testcase classname="tests.test_metrics.TestCalculatePnL" name="test_pnl_empty_trades" time="0.000" /><testcase classname="tests.test_metrics.TestCalculatePnL" name="test_pnl_with_trades" time="0.000" /><testcase classname="tests.test_metrics.TestCalculateSharpe" name="test_sharpe_empty_returns" time="0.000" /><testcase classname="tests.test_metrics.TestCalculateSharpe" name="test_sharpe_positive_returns" time="0.000" /><testcase classname="tests.test_metrics.TestCalculateSharpe" name="test_sharpe_negative_returns" time="0.000" /><testcase classname="tests.test_metrics.TestCalculateSharpe" name="test_sharpe_zero_volatility" time="0.000" /><testcase classname="tests.test_metrics.TestCalculateSortino" name="test_sortino_basic" time="0.000" /><testcase classname="tests.test_metrics.TestCalculateSortino" name="test_sortino_no_downside" time="0.000" /><testcase classname="tests.test_metrics.TestCalculateMaxDrawdown" name="test_drawdown_empty" time="0.000" /><testcase classname="tests.test_metrics.TestCalculateMaxDrawdown" name="test_drawdown_with_equity" time="0.001" /><testcase classname="tests.test_metrics.TestCalculateMaxDrawdown" name="test_drawdown_no_drawdown" time="0.000" /><testcase classname="tests.test_metrics.TestCalculateWinRate" name="test_win_rate_empty" time="0.000" /><testcase classname="tests.test_metrics.TestCalculateWinRate" name="test_win_rate_with_trades" time="0.000" /><testcase classname="tests.test_metrics.TestCalculateProfitFactor" name="test_profit_factor_empty" time="0.000" /><testcase classname="tests.test_metrics.TestCalculateProfitFactor" name="test_profit_factor_with_trades" time="0.000" /><testcase classname="tests.test_metrics.TestCalculateExpectancy" name="test_expectancy_empty" time="0.000" /><testcase classname="tests.test_metrics.TestCalculateExpectancy" name="test_expectancy_with_trades" time="0.000" /><testcase classname="tests.test_metrics.TestBuildEquityCurve" name="test_equity_curve_empty" time="0.000" /><testcase classname="tests.test_metrics.TestBuildEquityCurve" name="test_equity_curve_with_trades" time="0.001" /><testcase classname="tests.test_metrics.TestCalculateAllMetrics" name="test_all_metrics_empty" time="0.000" /><testcase classname="tests.test_metrics.TestCalculateAllMetrics" name="test_all_metrics_with_trades" time="0.001" /><testcase classname="tests.test_models.TestMarketModel" name="test_market_creation" time="0.000" /><testcase classname="tests.test_models.TestMarketModel" name="test_market_with_optional_fields" time="0.000" /><testcase classname="tests.test_models.TestMarketModel" name="test_market_default_values" time="0.000" /><testcase classname="tests.test_models.TestMarketModel" name="test_market_url_property" time="0.000" /><testcase classname="tests.test_models.TestOrderModel" name="test_order_creation" time="0.000" /><testcase classname="tests.test_models.TestOrderModel" name="test_order_sides" time="0.000" /><testcase classname="tests.test_models.TestOrderModel" name="test_order_statuses" time="0.000" /><testcase classname="tests.test_models.TestOrderModel" name="test_order_filled_size_default" time="0.000" /><testcase classname="tests.test_models.TestOrderModel" name="test_order_remaining_size" time="0.000" /><testcase classname="tests.test_models.TestTradeModel" name="test_trade_creation" time="0.000" /><testcase classname="tests.test_models.TestTradeModel" name="test_trade_value_calculation" time="0.000" /><testcase classname="tests.test_models.TestTradeModel" name="test_trade_with_execution_time" time="0.000" /><testcase classname="tests.test_models.TestPositionModel" name="test_position_creation" time="0.000" /><testcase classname="tests.test_models.TestPositionModel" name="test_position_unrealized_pnl" time="0.000" /><testcase classname="tests.test_models.TestPositionModel" name="test_position_default_values" time="0.000" /><testcase classname="tests.test_models.TestPositionModel" name="test_position_is_long" time="0.000" /><testcase classname="tests.test_models.TestPositionModel" name="test_position_is_flat" time="0.000" /><testcase classname="tests.test_models.TestPriceUpdateModel" name="test_price_update_creation" time="0.000" /><testcase classname="tests.test_models.TestPriceUpdateModel" name="test_price_update_with_bid_ask" time="0.000" /><testcase classname="tests.test_models.TestModelSerialization" name="test_market_repr" time="0.000" /><testcase classname="tests.test_models.TestModelSerialization" name="test_trade_repr" time="0.000" /><testcase classname="tests.test_models.TestModelSerialization" name="test_order_repr" time="0.000" /><testcase classname="tests.test_models.TestModelValidation" name="test_invalid_price_range" time="0.000" /><testcase classname="tests.test_models.TestModelValidation" name="test_required_fields" time="0.000" /><testcase classname="tests.test_significance.TestTTestReturns" name="test_t_test_empty" time="0.000" /><testcase classname="tests.test_significance.TestTTestReturns" name="test_t_test_basic" time="0.000" /><testcase classname="tests.test_significance.TestTTestReturns" name="test_t_test_significant_positive" time="0.000" /><testcase classname="tests.test_significance.TestTTestReturns" name="test_t_test_not_significant" time="0.000" /><testcase classname="tests.test_significance.TestTTestReturns" name="test_t_test_single_value" time="0.000" /><testcase classname="tests.test_significance.TestBootstrapConfidenceInterval" name="test_bootstrap_empty" time="0.000" /><testcase classname="tests.test_significance.TestBootstrapConfidenceInterval" name="test_bootstrap_basic" time="0.006" /><testcase classname="tests.test_significance.TestBootstrapConfidenceInterval" name="test_bootstrap_confidence_level" time="0.010" /><testcase classname="tests.test_significance.TestBootstrapConfidenceInterval" name="test_bootstrap_mean_statistic" time="0.005" /><testcase classname="tests.test_significance.TestBootstrapConfidenceInterval" name="test_bootstrap_sharpe_statistic" time="0.014" /><testcase classname="tests.test_significance.TestRequiredTradesForSignificance" name="test_required_trades_basic" time="0.000" /><testcase classname="tests.test_significance.TestRequiredTradesForSignificance" name="test_required_trades_high_win_rate" time="0.000" /><testcase classname="tests.test_significance.TestRequiredTradesForSignificance" name="test_required_trades_confidence_level" time="0.000" /><testcase classname="tests.test_significance.TestRequiredTradesForSignificance" name="test_required_trades_margin_of_error" time="0.000" /><testcase classname="tests.test_significance.TestCalculateStatisticalSummary" name="test_summary_empty" time="0.000" /><testcase classname="tests.test_significance.TestCalculateStatisticalSummary" name="test_summary_basic" time="0.020" /><testcase classname="tests.test_significance.TestCalculateStatisticalSummary" name="test_summary_significance_levels" time="0.020" /><testcase classname="tests.test_significance.TestCalculateStatisticalSummary" name="test_summary_data_sufficiency" time="0.020" /><testcase classname="tests.test_storage.TestStorage" name="test_storage_initialization" time="0.003" /><testcase classname="tests.test_storage.TestStorage" name="test_save_and_get_trade" time="0.003" /><testcase classname="tests.test_storage.TestStorage" name="test_save_and_get_order" time="0.003" /><testcase classname="tests.test_storage.TestStorage" name="test_save_and_get_position" time="0.002" /><testcase classname="tests.test_storage.TestStorage" name="test_get_trades_with_limit" time="0.005" /><testcase classname="tests.test_storage.TestStorage" name="test_export_trades_csv" time="0.006" /><testcase classname="tests.test_storage.TestStorage" name="test_export_orders_csv" time="0.003" /><testcase classname="tests.test_storage.TestStorage" name="test_update_order" time="0.004" /><testcase classname="tests.test_storage.TestStorage" name="test_empty_database" time="0.002" /><testcase classname="tests.test_storage.TestStorage" name="test_get_positions_empty" time="0.002" /><testcase classname="tests.test_storage.TestStoragePersistence" name="test_data_persists_across_instances" time="0.002" /><testcase classname="tests.test_strategy.TestStrategyBase" name="test_strategy_subclass" time="0.000" /><testcase classname="tests.test_strategy.TestStrategyBase" name="test_strategy_lifecycle_hooks" time="0.000" /><testcase classname="tests.test_strategy.TestStrategyBase" name="test_strategy_buy_method" time="0.000" /><testcase classname="tests.test_strategy.TestStrategyBase" name="test_strategy_sell_method" time="0.000" /><testcase classname="tests.test_strategy.TestStrategyBase" name="test_strategy_log_attribute" time="0.000" /><testcase classname="tests.test_strategy.TestStrategyLoader" name="test_load_strategy_from_file" time="0.002" /><testcase classname="tests.test_strategy.TestStrategyLoader" name="test_load_nonexistent_file" time="0.001" /><testcase classname="tests.test_strategy.TestStrategyLoader" name="test_load_invalid_strategy" time="0.001" /><testcase classname="tests.test_strategy.TestStrategyRunner" name="test_runner_initialization" time="0.000" /><testcase classname="tests.test_strategy.TestStrategyRunner" name="test_runner_has_run_method" time="0.000" /><testcase classname="tests.test_strategy.TestStrategyCallbacks" name="test_on_fill_callback" time="0.000" /><testcase classname="tests.test_strategy.TestStrategyCallbacks" name="test_on_order_update_callback" time="0.000" /><testcase classname="tests.test_url_parser.TestParseMarketUrl" name="test_parse_event_url" time="0.000" /><testcase classname="tests.test_url_parser.TestParseMarketUrl" name="test_parse_market_url" time="0.000" /><testcase classname="tests.test_url_parser.TestParseMarketUrl" name="test_parse_url_with_query_params" time="0.000" /><testcase classname="tests.test_url_parser.TestParseMarketUrl" name="test_parse_invalid_url" time="0.000" /><testcase classname="tests.test_url_parser.TestParseMarketUrl" name="test_parse_empty_url" time="0.000" /><testcase classname="tests.test_url_parser.TestIsValidPolymarketUrl" name="test_valid_polymarket_url" time="0.000" /><testcase classname="tests.test_url_parser.TestIsValidPolymarketUrl" name="test_invalid_domain" time="0.000" /><testcase classname="tests.test_url_parser.TestIsValidPolymarketUrl" name="test_invalid_url_format" time="0.000" /><testcase classname="tests.test_url_parser.TestExtractSlug" name="test_extract_slug" time="0.000" /><testcase classname="tests.test_url_parser.TestExtractSlug" name="test_extract_slug_empty" time="0.000" /><testcase classname="tests.test_url_parser.TestFormatMarketSummary" name="test_format_summary" time="0.000" /></testsuite></testsuites>